

PTB-INFO: This is Psychtoolbox-3 for Microsoft Windows, under Matlab 64-Bit (Version 3.0.14 - Build date: Apr  6 2018).
PTB-INFO: Support status on this operating system release: Windows version 10.0 supported and tested to some limited degree.
PTB-INFO: Type 'PsychtoolboxVersion' for more detailed version information.
PTB-INFO: Most parts of the Psychtoolbox distribution are licensed to you under terms of the MIT License, with
PTB-INFO: some restrictions. See file 'License.txt' in the Psychtoolbox root folder for the exact licensing conditions.

PTB-INFO: Most graphics cards will not support proper syncing to vertical retrace when
PTB-INFO: running in windowed mode (non-fullscreen). If PTB aborts with 'Synchronization failure'
PTB-INFO: you can disable the sync test via call to Screen('Preference', 'SkipSyncTests', 2); .
PTB-INFO: You won't get proper stimulus onset timestamps though, so windowed mode may be of limited use.


PTB-INFO: OpenGL-Renderer is Intel :: Intel(R) HD Graphics 4000 :: 4.0.0 - Build 10.18.10.4425
PTB-INFO: VBL startline = 900 , VBL Endline = -1
PTB-INFO: Beamposition queries unsupported or defective on this system. Using basic timestamping as fallback.
PTB-INFO: Timestamps returned by Screen('Flip') will be therefore less robust and accurate.
PTB-INFO: Measured monitor refresh interval from VBLsync = 0.000000 ms [inf Hz]. (0 valid samples taken, stddev=0.000000 ms.)
PTB-INFO: Reported monitor refresh interval from operating system = 20.000000 ms [50.000000 Hz].
PTB-INFO: Small deviations between reported values are normal and no reason to worry.
PTB-WARNING: ==============================================================================================================================
PTB-WARNING: WINDOWS DWM DESKTOP COMPOSITOR IS ACTIVE! ALL FLIP STIMULUS ONSET TIMESTAMPS WILL BE VERY LIKELY UNRELIABLE AND LESS ACCURATE!
PTB-WARNING: STIMULUS ONSET TIMING WILL BE UNRELIABLE AS WELL, AND GRAPHICS PERFORMANCE MAY BE SEVERELY REDUCED! STIMULUS IMAGES MAY NOT
PTB-WARNING: SHOW UP AT ALL! DO NOT USE THIS MODE FOR RUNNING REAL EXPERIMENT SESSIONS WITH ANY REQUIREMENTS FOR ACCURATE TIMING!
PTB-WARNING: ==============================================================================================================================
PTB-INFO: All display tests and calibrations disabled. Assuming a refresh interval of 50.000000 Hz. Timing will be inaccurate!
PTB-INFO: Most graphics cards will not support proper syncing to vertical retrace when
PTB-INFO: running in windowed mode (non-fullscreen). If PTB aborts with 'Synchronization failure'
PTB-INFO: you can disable the sync test via call to Screen('Preference', 'SkipSyncTests', 2); .
PTB-INFO: You won't get proper stimulus onset timestamps though, so windowed mode may be of limited use.


PTB-INFO: OpenGL-Renderer is Intel :: Intel(R) HD Graphics 4000 :: 4.0.0 - Build 10.18.10.4425
PTB-INFO: VBL startline = 900 , VBL Endline = -1
PTB-INFO: Beamposition queries unsupported or defective on this system. Using basic timestamping as fallback.
PTB-INFO: Timestamps returned by Screen('Flip') will be therefore less robust and accurate.
PTB-INFO: Measured monitor refresh interval from VBLsync = 0.000000 ms [inf Hz]. (0 valid samples taken, stddev=0.000000 ms.)
PTB-INFO: Reported monitor refresh interval from operating system = 20.000000 ms [50.000000 Hz].
PTB-INFO: Small deviations between reported values are normal and no reason to worry.
PTB-WARNING: ==============================================================================================================================
PTB-WARNING: WINDOWS DWM DESKTOP COMPOSITOR IS ACTIVE! ALL FLIP STIMULUS ONSET TIMESTAMPS WILL BE VERY LIKELY UNRELIABLE AND LESS ACCURATE!
PTB-WARNING: STIMULUS ONSET TIMING WILL BE UNRELIABLE AS WELL, AND GRAPHICS PERFORMANCE MAY BE SEVERELY REDUCED! STIMULUS IMAGES MAY NOT
PTB-WARNING: SHOW UP AT ALL! DO NOT USE THIS MODE FOR RUNNING REAL EXPERIMENT SESSIONS WITH ANY REQUIREMENTS FOR ACCURATE TIMING!
PTB-WARNING: ==============================================================================================================================
PTB-INFO: All display tests and calibrations disabled. Assuming a refresh interval of 50.000000 Hz. Timing will be inaccurate!
**************************************** 
Experiment vCoder 
12-Dec-2019 19:13:57 
Subject 699 
 


PTB-INFO: This is Psychtoolbox-3 for Microsoft Windows, under Matlab 64-Bit (Version 3.0.14 - Build date: Apr  6 2018).
PTB-INFO: Support status on this operating system release: Windows version 10.0 supported and tested to some limited degree.
PTB-INFO: Type 'PsychtoolboxVersion' for more detailed version information.
PTB-INFO: Most parts of the Psychtoolbox distribution are licensed to you under terms of the MIT License, with
PTB-INFO: some restrictions. See file 'License.txt' in the Psychtoolbox root folder for the exact licensing conditions.

PTB-INFO: Most graphics cards will not support proper syncing to vertical retrace when
PTB-INFO: running in windowed mode (non-fullscreen). If PTB aborts with 'Synchronization failure'
PTB-INFO: you can disable the sync test via call to Screen('Preference', 'SkipSyncTests', 2); .
PTB-INFO: You won't get proper stimulus onset timestamps though, so windowed mode may be of limited use.


PTB-INFO: OpenGL-Renderer is Intel :: Intel(R) HD Graphics 4000 :: 4.0.0 - Build 10.18.10.4425
PTB-INFO: VBL startline = 900 , VBL Endline = -1
PTB-INFO: Beamposition queries unsupported or defective on this system. Using basic timestamping as fallback.
PTB-INFO: Timestamps returned by Screen('Flip') will be therefore less robust and accurate.
PTB-INFO: Measured monitor refresh interval from VBLsync = 0.000000 ms [inf Hz]. (0 valid samples taken, stddev=0.000000 ms.)
PTB-INFO: Reported monitor refresh interval from operating system = 20.000000 ms [50.000000 Hz].
PTB-INFO: Small deviations between reported values are normal and no reason to worry.
PTB-WARNING: ==============================================================================================================================
PTB-WARNING: WINDOWS DWM DESKTOP COMPOSITOR IS ACTIVE! ALL FLIP STIMULUS ONSET TIMESTAMPS WILL BE VERY LIKELY UNRELIABLE AND LESS ACCURATE!
PTB-WARNING: STIMULUS ONSET TIMING WILL BE UNRELIABLE AS WELL, AND GRAPHICS PERFORMANCE MAY BE SEVERELY REDUCED! STIMULUS IMAGES MAY NOT
PTB-WARNING: SHOW UP AT ALL! DO NOT USE THIS MODE FOR RUNNING REAL EXPERIMENT SESSIONS WITH ANY REQUIREMENTS FOR ACCURATE TIMING!
PTB-WARNING: ==============================================================================================================================
PTB-INFO: All display tests and calibrations disabled. Assuming a refresh interval of 50.000000 Hz. Timing will be inaccurate!
PTB-INFO: Most graphics cards will not support proper syncing to vertical retrace when
PTB-INFO: running in windowed mode (non-fullscreen). If PTB aborts with 'Synchronization failure'
PTB-INFO: you can disable the sync test via call to Screen('Preference', 'SkipSyncTests', 2); .
PTB-INFO: You won't get proper stimulus onset timestamps though, so windowed mode may be of limited use.


PTB-INFO: OpenGL-Renderer is Intel :: Intel(R) HD Graphics 4000 :: 4.0.0 - Build 10.18.10.4425
PTB-INFO: VBL startline = 900 , VBL Endline = -1
PTB-INFO: Beamposition queries unsupported or defective on this system. Using basic timestamping as fallback.
PTB-INFO: Timestamps returned by Screen('Flip') will be therefore less robust and accurate.
PTB-INFO: Measured monitor refresh interval from VBLsync = 0.000000 ms [inf Hz]. (0 valid samples taken, stddev=0.000000 ms.)
PTB-INFO: Reported monitor refresh interval from operating system = 20.000000 ms [50.000000 Hz].
PTB-INFO: Small deviations between reported values are normal and no reason to worry.
PTB-WARNING: ==============================================================================================================================
PTB-WARNING: WINDOWS DWM DESKTOP COMPOSITOR IS ACTIVE! ALL FLIP STIMULUS ONSET TIMESTAMPS WILL BE VERY LIKELY UNRELIABLE AND LESS ACCURATE!
PTB-WARNING: STIMULUS ONSET TIMING WILL BE UNRELIABLE AS WELL, AND GRAPHICS PERFORMANCE MAY BE SEVERELY REDUCED! STIMULUS IMAGES MAY NOT
PTB-WARNING: SHOW UP AT ALL! DO NOT USE THIS MODE FOR RUNNING REAL EXPERIMENT SESSIONS WITH ANY REQUIREMENTS FOR ACCURATE TIMING!
PTB-WARNING: ==============================================================================================================================
PTB-INFO: All display tests and calibrations disabled. Assuming a refresh interval of 50.000000 Hz. Timing will be inaccurate!
**************************************** 
Experiment vCoder 
12-Dec-2019 19:22:18 
Subject 699 
 
Movie: SoShBW2_699  532.523000 duration, 25.000000 fps, w x h = 720 x 576...


PTB-INFO: This is Psychtoolbox-3 for Microsoft Windows, under Matlab 64-Bit (Version 3.0.17 - Build date: Oct 26 2020).
PTB-INFO: OS support status: Windows 10 (Version 10.0) supported and tested to some limited degree.
PTB-INFO: Type 'PsychtoolboxVersion' for more detailed version information.
PTB-INFO: Most parts of the Psychtoolbox distribution are licensed to you under terms of the MIT License, with
PTB-INFO: some restrictions. See file 'License.txt' in the Psychtoolbox root folder for the exact licensing conditions.

PTB-INFO: For information about paid priority support, community membership and commercial services, please read
PTB-INFO: 'help PsychPaidSupportAndServices'.

PTB-INFO: Most graphics cards will not support proper syncing to vertical retrace when
PTB-INFO: running in windowed mode (non-fullscreen). If PTB aborts with 'Synchronization failure'
PTB-INFO: you can disable the sync test via call to Screen('Preference', 'SkipSyncTests', 2); .
PTB-INFO: You won't get proper stimulus onset timestamps though, so windowed mode may be of limited use.


PTB-INFO: OpenGL-Renderer is Intel :: Intel(R) HD Graphics 4000 :: 4.0.0 - Build 10.18.10.4425
PTB-INFO: VBL startline = 900 , VBL Endline = -1
PTB-INFO: Beamposition queries unsupported or defective on this system. Using basic timestamping as fallback.
PTB-INFO: Timestamps returned by Screen('Flip') will be therefore less robust and accurate.
PTB-INFO: Measured monitor refresh interval from VBLsync = 0.000000 ms [inf Hz]. (0 valid samples taken, stddev=0.000000 ms.)
PTB-INFO: Reported monitor refresh interval from operating system = 20.000000 ms [50.000000 Hz].
PTB-INFO: Small deviations between reported values are normal and no reason to worry.
PTB-WARNING: ==============================================================================================================================
PTB-WARNING: WINDOWS DWM DESKTOP COMPOSITOR IS ACTIVE! ALL FLIP STIMULUS ONSET TIMESTAMPS WILL BE VERY LIKELY UNRELIABLE AND LESS ACCURATE!
PTB-WARNING: STIMULUS ONSET TIMING WILL BE UNRELIABLE AS WELL, AND GRAPHICS PERFORMANCE MAY BE SEVERELY REDUCED! STIMULUS IMAGES MAY NOT
PTB-WARNING: SHOW UP AT ALL! DO NOT USE THIS MODE FOR RUNNING REAL EXPERIMENT SESSIONS WITH ANY REQUIREMENTS FOR ACCURATE TIMING!
PTB-WARNING: ==============================================================================================================================
PTB-INFO: All display tests and calibrations disabled. Assuming a refresh interval of 50.000000 Hz. Timing will be inaccurate!
PTB-INFO: Most graphics cards will not support proper syncing to vertical retrace when
PTB-INFO: running in windowed mode (non-fullscreen). If PTB aborts with 'Synchronization failure'
PTB-INFO: you can disable the sync test via call to Screen('Preference', 'SkipSyncTests', 2); .
PTB-INFO: You won't get proper stimulus onset timestamps though, so windowed mode may be of limited use.


PTB-INFO: OpenGL-Renderer is Intel :: Intel(R) HD Graphics 4000 :: 4.0.0 - Build 10.18.10.4425
PTB-INFO: VBL startline = 900 , VBL Endline = -1
PTB-INFO: Beamposition queries unsupported or defective on this system. Using basic timestamping as fallback.
PTB-INFO: Timestamps returned by Screen('Flip') will be therefore less robust and accurate.
PTB-INFO: Measured monitor refresh interval from VBLsync = 0.000000 ms [inf Hz]. (0 valid samples taken, stddev=0.000000 ms.)
PTB-INFO: Reported monitor refresh interval from operating system = 20.000000 ms [50.000000 Hz].
PTB-INFO: Small deviations between reported values are normal and no reason to worry.
PTB-WARNING: ==============================================================================================================================
PTB-WARNING: WINDOWS DWM DESKTOP COMPOSITOR IS ACTIVE! ALL FLIP STIMULUS ONSET TIMESTAMPS WILL BE VERY LIKELY UNRELIABLE AND LESS ACCURATE!
PTB-WARNING: STIMULUS ONSET TIMING WILL BE UNRELIABLE AS WELL, AND GRAPHICS PERFORMANCE MAY BE SEVERELY REDUCED! STIMULUS IMAGES MAY NOT
PTB-WARNING: SHOW UP AT ALL! DO NOT USE THIS MODE FOR RUNNING REAL EXPERIMENT SESSIONS WITH ANY REQUIREMENTS FOR ACCURATE TIMING!
PTB-WARNING: ==============================================================================================================================
PTB-INFO: All display tests and calibrations disabled. Assuming a refresh interval of 50.000000 Hz. Timing will be inaccurate!
**************************************** 
Experiment vCoder 
12-Dec-2020 12:49:50 
Subject 699 
 
Movie: SoShBW2_699  532.523000 duration, 25.000000 fps, w x h = 720 x 576...
PTB-INFO: Movie playback had to drop 11 frames of movie 0 to keep playback in sync.
Movie: SoShBW2_699_01  532.523000 duration, 25.000000 fps, w x h = 720 x 576...


PTB-INFO: This is Psychtoolbox-3 for Microsoft Windows, under Matlab 64-Bit (Version 3.0.18 - Build date: Feb  2 2022).
PTB-INFO: OS support status: Windows 10 (Version 10.0) supported and tested to some limited degree.
PTB-INFO: Type 'PsychtoolboxVersion' for more detailed version information.
PTB-INFO: Most parts of the Psychtoolbox distribution are licensed to you under terms of the MIT License, with
PTB-INFO: some restrictions. See file 'License.txt' in the Psychtoolbox root folder for the exact licensing conditions.

PTB-INFO: For information about paid priority support, community membership and commercial services, please type
PTB-INFO: 'PsychPaidSupportAndServices'.

PTB-INFO: Proper timing and timestamping of visual stimulus onset is not reliably supported at all
PTB-INFO: when running in windowed mode (non-fullscreen). If PTB aborts with 'Synchronization failure'
PTB-INFO: you can disable the sync test via call to Screen('Preference', 'SkipSyncTests', 2); .
PTB-INFO: You won't get proper stimulus onset timestamps in any case though, so windowed mode is of limited use.


PTB-INFO: OpenGL-Renderer is Intel :: Intel(R) Iris(R) Xe Graphics :: 4.6.0 - Build 30.0.100.9955
PTB-INFO: VBL startline = 1080 , VBL Endline = -1
PTB-INFO: Beamposition queries unsupported or defective on this system. Using basic timestamping as fallback.
PTB-INFO: Timestamps returned by Screen('Flip') will be therefore less robust and accurate.
PTB-INFO: Measured monitor refresh interval from VBLsync = 0.000000 ms [inf Hz]. (0 valid samples taken, stddev=0.000000 ms.)
PTB-INFO: Reported monitor refresh interval from operating system = 16.666667 ms [60.000000 Hz].
PTB-INFO: Small deviations between reported values are normal and no reason to worry.
PTB-WARNING: ==============================================================================================================================
PTB-WARNING: WINDOWS DWM DESKTOP COMPOSITOR IS ACTIVE! ALL FLIP STIMULUS ONSET TIMESTAMPS WILL BE VERY LIKELY UNRELIABLE AND LESS ACCURATE!
PTB-WARNING: STIMULUS ONSET TIMING WILL BE UNRELIABLE AS WELL, AND GRAPHICS PERFORMANCE MAY BE SEVERELY REDUCED! STIMULUS IMAGES MAY NOT
PTB-WARNING: SHOW UP AT ALL! DO NOT USE THIS MODE FOR RUNNING REAL EXPERIMENT SESSIONS WITH ANY REQUIREMENTS FOR ACCURATE TIMING!
PTB-WARNING: ==============================================================================================================================
PTB-INFO: All display tests and calibrations disabled. Assuming a refresh interval of 60.000000 Hz. Timing will be inaccurate!
PTB-INFO: Proper timing and timestamping of visual stimulus onset is not reliably supported at all
PTB-INFO: when running in windowed mode (non-fullscreen). If PTB aborts with 'Synchronization failure'
PTB-INFO: you can disable the sync test via call to Screen('Preference', 'SkipSyncTests', 2); .
PTB-INFO: You won't get proper stimulus onset timestamps in any case though, so windowed mode is of limited use.


PTB-INFO: OpenGL-Renderer is Intel :: Intel(R) Iris(R) Xe Graphics :: 4.6.0 - Build 30.0.100.9955
PTB-INFO: VBL startline = 1080 , VBL Endline = -1
PTB-INFO: Beamposition queries unsupported or defective on this system. Using basic timestamping as fallback.
PTB-INFO: Timestamps returned by Screen('Flip') will be therefore less robust and accurate.
PTB-INFO: Measured monitor refresh interval from VBLsync = 0.000000 ms [inf Hz]. (0 valid samples taken, stddev=0.000000 ms.)
PTB-INFO: Reported monitor refresh interval from operating system = 16.666667 ms [60.000000 Hz].
PTB-INFO: Small deviations between reported values are normal and no reason to worry.
PTB-WARNING: ==============================================================================================================================
PTB-WARNING: WINDOWS DWM DESKTOP COMPOSITOR IS ACTIVE! ALL FLIP STIMULUS ONSET TIMESTAMPS WILL BE VERY LIKELY UNRELIABLE AND LESS ACCURATE!
PTB-WARNING: STIMULUS ONSET TIMING WILL BE UNRELIABLE AS WELL, AND GRAPHICS PERFORMANCE MAY BE SEVERELY REDUCED! STIMULUS IMAGES MAY NOT
PTB-WARNING: SHOW UP AT ALL! DO NOT USE THIS MODE FOR RUNNING REAL EXPERIMENT SESSIONS WITH ANY REQUIREMENTS FOR ACCURATE TIMING!
PTB-WARNING: ==============================================================================================================================
PTB-INFO: All display tests and calibrations disabled. Assuming a refresh interval of 60.000000 Hz. Timing will be inaccurate!
**************************************** 
Experiment vCoder 
29-Sep-2023 14:13:32 
Subject 699 
 
Movie: SoShBW2_699  532.523000 duration, 25.000000 fps, w x h = 720 x 576...
Movie: SoShBW2_699_01  532.523000 duration, 25.000000 fps, w x h = 720 x 576...
